Analysis & Synthesis report for endsem_last
Sat Nov 08 10:39:02 2025
Quartus Prime Version 20.1.1 Build 720 11/11/2020 SJ Lite Edition


---------------------
; Table of Contents ;
---------------------
  1. Legal Notice
  2. Analysis & Synthesis Summary
  3. Analysis & Synthesis Settings
  4. Parallel Compilation
  5. Analysis & Synthesis Source Files Read
  6. Analysis & Synthesis Resource Usage Summary
  7. Analysis & Synthesis Resource Utilization by Entity
  8. State Machine - |uart|state
  9. State Machine - |uart|UART_TX:uart_tx_inst|r_SM_Main
 10. State Machine - |uart|UART_RX:uart_rx_inst|r_SM_Main
 11. General Register Statistics
 12. Multiplexer Restructuring Statistics (Restructuring Performed)
 13. Parameter Settings for User Entity Instance: Top-level Entity: |uart
 14. Parameter Settings for User Entity Instance: UART_RX:uart_rx_inst
 15. Parameter Settings for User Entity Instance: UART_TX:uart_tx_inst
 16. Port Connectivity Checks: "UART_TX:uart_tx_inst"
 17. Post-Synthesis Netlist Statistics for Top Partition
 18. Elapsed Time Per Partition
 19. Analysis & Synthesis Messages



----------------
; Legal Notice ;
----------------
Copyright (C) 2020  Intel Corporation. All rights reserved.
Your use of Intel Corporation's design tools, logic functions 
and other software and tools, and any partner logic 
functions, and any output files from any of the foregoing 
(including device programming or simulation files), and any 
associated documentation or information are expressly subject 
to the terms and conditions of the Intel Program License 
Subscription Agreement, the Intel Quartus Prime License Agreement,
the Intel FPGA IP License Agreement, or other applicable license
agreement, including, without limitation, that your use is for
the sole purpose of programming logic devices manufactured by
Intel and sold by Intel or its authorized distributors.  Please
refer to the applicable agreement for further details, at
https://fpgasoftware.intel.com/eula.



+----------------------------------------------------------------------------------+
; Analysis & Synthesis Summary                                                     ;
+------------------------------------+---------------------------------------------+
; Analysis & Synthesis Status        ; Successful - Sat Nov 08 10:39:02 2025       ;
; Quartus Prime Version              ; 20.1.1 Build 720 11/11/2020 SJ Lite Edition ;
; Revision Name                      ; endsem_last                                 ;
; Top-level Entity Name              ; uart                                        ;
; Family                             ; MAX 10                                      ;
; Total logic elements               ; 169                                         ;
;     Total combinational functions  ; 143                                         ;
;     Dedicated logic registers      ; 92                                          ;
; Total registers                    ; 92                                          ;
; Total pins                         ; 3                                           ;
; Total virtual pins                 ; 0                                           ;
; Total memory bits                  ; 0                                           ;
; Embedded Multiplier 9-bit elements ; 0                                           ;
; Total PLLs                         ; 0                                           ;
; UFM blocks                         ; 0                                           ;
; ADC blocks                         ; 0                                           ;
+------------------------------------+---------------------------------------------+


+------------------------------------------------------------------------------------------------------------+
; Analysis & Synthesis Settings                                                                              ;
+------------------------------------------------------------------+--------------------+--------------------+
; Option                                                           ; Setting            ; Default Value      ;
+------------------------------------------------------------------+--------------------+--------------------+
; Device                                                           ; 10M08SAE144C8G     ;                    ;
; Top-level entity name                                            ; uart               ; endsem_last        ;
; Family name                                                      ; MAX 10             ; Cyclone V          ;
; Use smart compilation                                            ; Off                ; Off                ;
; Enable parallel Assembler and Timing Analyzer during compilation ; On                 ; On                 ;
; Enable compact report table                                      ; Off                ; Off                ;
; Restructure Multiplexers                                         ; Auto               ; Auto               ;
; Create Debugging Nodes for IP Cores                              ; Off                ; Off                ;
; Preserve fewer node names                                        ; On                 ; On                 ;
; Intel FPGA IP Evaluation Mode                                    ; Enable             ; Enable             ;
; Verilog Version                                                  ; Verilog_2001       ; Verilog_2001       ;
; VHDL Version                                                     ; VHDL_1993          ; VHDL_1993          ;
; State Machine Processing                                         ; Auto               ; Auto               ;
; Safe State Machine                                               ; Off                ; Off                ;
; Extract Verilog State Machines                                   ; On                 ; On                 ;
; Extract VHDL State Machines                                      ; On                 ; On                 ;
; Ignore Verilog initial constructs                                ; Off                ; Off                ;
; Iteration limit for constant Verilog loops                       ; 5000               ; 5000               ;
; Iteration limit for non-constant Verilog loops                   ; 250                ; 250                ;
; Add Pass-Through Logic to Inferred RAMs                          ; On                 ; On                 ;
; Infer RAMs from Raw Logic                                        ; On                 ; On                 ;
; Parallel Synthesis                                               ; On                 ; On                 ;
; DSP Block Balancing                                              ; Auto               ; Auto               ;
; NOT Gate Push-Back                                               ; On                 ; On                 ;
; Power-Up Don't Care                                              ; On                 ; On                 ;
; Remove Redundant Logic Cells                                     ; Off                ; Off                ;
; Remove Duplicate Registers                                       ; On                 ; On                 ;
; Ignore CARRY Buffers                                             ; Off                ; Off                ;
; Ignore CASCADE Buffers                                           ; Off                ; Off                ;
; Ignore GLOBAL Buffers                                            ; Off                ; Off                ;
; Ignore ROW GLOBAL Buffers                                        ; Off                ; Off                ;
; Ignore LCELL Buffers                                             ; Off                ; Off                ;
; Ignore SOFT Buffers                                              ; On                 ; On                 ;
; Limit AHDL Integers to 32 Bits                                   ; Off                ; Off                ;
; Optimization Technique                                           ; Balanced           ; Balanced           ;
; Carry Chain Length                                               ; 70                 ; 70                 ;
; Auto Carry Chains                                                ; On                 ; On                 ;
; Auto Open-Drain Pins                                             ; On                 ; On                 ;
; Perform WYSIWYG Primitive Resynthesis                            ; Off                ; Off                ;
; Auto ROM Replacement                                             ; On                 ; On                 ;
; Auto RAM Replacement                                             ; On                 ; On                 ;
; Auto DSP Block Replacement                                       ; On                 ; On                 ;
; Auto Shift Register Replacement                                  ; Auto               ; Auto               ;
; Allow Shift Register Merging across Hierarchies                  ; Auto               ; Auto               ;
; Auto Clock Enable Replacement                                    ; On                 ; On                 ;
; Strict RAM Replacement                                           ; Off                ; Off                ;
; Allow Synchronous Control Signals                                ; On                 ; On                 ;
; Force Use of Synchronous Clear Signals                           ; Off                ; Off                ;
; Auto RAM Block Balancing                                         ; On                 ; On                 ;
; Auto RAM to Logic Cell Conversion                                ; Off                ; Off                ;
; Auto Resource Sharing                                            ; Off                ; Off                ;
; Allow Any RAM Size For Recognition                               ; Off                ; Off                ;
; Allow Any ROM Size For Recognition                               ; Off                ; Off                ;
; Allow Any Shift Register Size For Recognition                    ; Off                ; Off                ;
; Use LogicLock Constraints during Resource Balancing              ; On                 ; On                 ;
; Ignore translate_off and synthesis_off directives                ; Off                ; Off                ;
; Timing-Driven Synthesis                                          ; On                 ; On                 ;
; Report Parameter Settings                                        ; On                 ; On                 ;
; Report Source Assignments                                        ; On                 ; On                 ;
; Report Connectivity Checks                                       ; On                 ; On                 ;
; Ignore Maximum Fan-Out Assignments                               ; Off                ; Off                ;
; Synchronization Register Chain Length                            ; 2                  ; 2                  ;
; Power Optimization During Synthesis                              ; Normal compilation ; Normal compilation ;
; HDL message level                                                ; Level2             ; Level2             ;
; Suppress Register Optimization Related Messages                  ; Off                ; Off                ;
; Number of Removed Registers Reported in Synthesis Report         ; 5000               ; 5000               ;
; Number of Swept Nodes Reported in Synthesis Report               ; 5000               ; 5000               ;
; Number of Inverted Registers Reported in Synthesis Report        ; 100                ; 100                ;
; Clock MUX Protection                                             ; On                 ; On                 ;
; Auto Gated Clock Conversion                                      ; Off                ; Off                ;
; Block Design Naming                                              ; Auto               ; Auto               ;
; SDC constraint protection                                        ; Off                ; Off                ;
; Synthesis Effort                                                 ; Auto               ; Auto               ;
; Shift Register Replacement - Allow Asynchronous Clear Signal     ; On                 ; On                 ;
; Pre-Mapping Resynthesis Optimization                             ; Off                ; Off                ;
; Analysis & Synthesis Message Level                               ; Medium             ; Medium             ;
; Disable Register Merging Across Hierarchies                      ; Auto               ; Auto               ;
; Resource Aware Inference For Block RAM                           ; On                 ; On                 ;
+------------------------------------------------------------------+--------------------+--------------------+


+------------------------------------------+
; Parallel Compilation                     ;
+----------------------------+-------------+
; Processors                 ; Number      ;
+----------------------------+-------------+
; Number detected on machine ; 8           ;
; Maximum allowed            ; 8           ;
;                            ;             ;
; Average used               ; 1.00        ;
; Maximum used               ; 8           ;
;                            ;             ;
; Usage by Processor         ; % Time Used ;
;     Processor 1            ; 100.0%      ;
;     Processors 2-8         ;   0.0%      ;
+----------------------------+-------------+


+-----------------------------------------------------------------------------------------------------------------------------------------------------------+
; Analysis & Synthesis Source Files Read                                                                                                                    ;
+----------------------------------+-----------------+-----------------+--------------------------------------------------------------------------+---------+
; File Name with User-Entered Path ; Used in Netlist ; File Type       ; File Name with Absolute Path                                             ; Library ;
+----------------------------------+-----------------+-----------------+--------------------------------------------------------------------------+---------+
; uart_tx.vhd                      ; yes             ; User VHDL File  ; C:/Users/Maitreyee/Desktop/Digital_Lab/Endsem_lastpart/uart_tx.vhd       ;         ;
; uart_rx.vhd                      ; yes             ; User VHDL File  ; C:/Users/Maitreyee/Desktop/Digital_Lab/Endsem_lastpart/uart_rx.vhd       ;         ;
; Shift_Add_Sub.vhd                ; yes             ; User VHDL File  ; C:/Users/Maitreyee/Desktop/Digital_Lab/Endsem_lastpart/Shift_Add_Sub.vhd ;         ;
; uart.vhd                         ; yes             ; User VHDL File  ; C:/Users/Maitreyee/Desktop/Digital_Lab/Endsem_lastpart/uart.vhd          ;         ;
+----------------------------------+-----------------+-----------------+--------------------------------------------------------------------------+---------+


+-----------------------------------------------------------+
; Analysis & Synthesis Resource Usage Summary               ;
+---------------------------------------------+-------------+
; Resource                                    ; Usage       ;
+---------------------------------------------+-------------+
; Estimated Total logic elements              ; 169         ;
;                                             ;             ;
; Total combinational functions               ; 143         ;
; Logic element usage by number of LUT inputs ;             ;
;     -- 4 input functions                    ; 65          ;
;     -- 3 input functions                    ; 29          ;
;     -- <=2 input functions                  ; 49          ;
;                                             ;             ;
; Logic elements by mode                      ;             ;
;     -- normal mode                          ; 112         ;
;     -- arithmetic mode                      ; 31          ;
;                                             ;             ;
; Total registers                             ; 92          ;
;     -- Dedicated logic registers            ; 92          ;
;     -- I/O registers                        ; 0           ;
;                                             ;             ;
; I/O pins                                    ; 3           ;
;                                             ;             ;
; Embedded Multiplier 9-bit elements          ; 0           ;
;                                             ;             ;
; Maximum fan-out node                        ; i_Clk~input ;
; Maximum fan-out                             ; 92          ;
; Total fan-out                               ; 715         ;
; Average fan-out                             ; 2.97        ;
+---------------------------------------------+-------------+


+--------------------------------------------------------------------------------------------------------------------------------------------------------------------------------------------------------------------------------------------------------------------+
; Analysis & Synthesis Resource Utilization by Entity                                                                                                                                                                                                                ;
+---------------------------------------+---------------------+---------------------------+-------------+------------+--------------+---------+-----------+------+--------------+------------+----------------------------------------+---------------+--------------+
; Compilation Hierarchy Node            ; Combinational ALUTs ; Dedicated Logic Registers ; Memory Bits ; UFM Blocks ; DSP Elements ; DSP 9x9 ; DSP 18x18 ; Pins ; Virtual Pins ; ADC blocks ; Full Hierarchy Name                    ; Entity Name   ; Library Name ;
+---------------------------------------+---------------------+---------------------------+-------------+------------+--------------+---------+-----------+------+--------------+------------+----------------------------------------+---------------+--------------+
; |uart                                 ; 143 (17)            ; 92 (29)                   ; 0           ; 0          ; 0            ; 0       ; 0         ; 3    ; 0            ; 0          ; |uart                                  ; uart          ; work         ;
;    |Shift_Add_Sub:shift_add_sub_inst| ; 16 (16)             ; 0 (0)                     ; 0           ; 0          ; 0            ; 0       ; 0         ; 0    ; 0            ; 0          ; |uart|Shift_Add_Sub:shift_add_sub_inst ; Shift_Add_Sub ; work         ;
;    |UART_RX:uart_rx_inst|             ; 59 (59)             ; 32 (32)                   ; 0           ; 0          ; 0            ; 0       ; 0         ; 0    ; 0            ; 0          ; |uart|UART_RX:uart_rx_inst             ; UART_RX       ; work         ;
;    |UART_TX:uart_tx_inst|             ; 51 (51)             ; 31 (31)                   ; 0           ; 0          ; 0            ; 0       ; 0         ; 0    ; 0            ; 0          ; |uart|UART_TX:uart_tx_inst             ; UART_TX       ; work         ;
+---------------------------------------+---------------------+---------------------------+-------------+------------+--------------+---------+-----------+------+--------------+------------+----------------------------------------+---------------+--------------+
Note: For table entries with two numbers listed, the numbers in parentheses indicate the number of resources of the given type used by the specific entity alone. The numbers listed outside of parentheses indicate the total resources of the given type used by the specific entity and all of its sub-entities in the hierarchy.


Encoding Type:  One-Hot
+--------------------------------------------------------------------------------+
; State Machine - |uart|state                                                    ;
+----------------+--------------+--------------+----------------+----------------+
; Name           ; state.s_send ; state.s_calc ; state.s_wait_B ; state.s_wait_A ;
+----------------+--------------+--------------+----------------+----------------+
; state.s_wait_A ; 0            ; 0            ; 0              ; 0              ;
; state.s_wait_B ; 0            ; 0            ; 1              ; 1              ;
; state.s_calc   ; 0            ; 1            ; 0              ; 1              ;
; state.s_send   ; 1            ; 0            ; 0              ; 1              ;
+----------------+--------------+--------------+----------------+----------------+


Encoding Type:  One-Hot
+---------------------------------------------------------------------------------------------------------------------------------------------------+
; State Machine - |uart|UART_TX:uart_tx_inst|r_SM_Main                                                                                              ;
+--------------------------+---------------------+-------------------------+--------------------------+--------------------------+------------------+
; Name                     ; r_SM_Main.s_Cleanup ; r_SM_Main.s_TX_Stop_Bit ; r_SM_Main.s_TX_Data_Bits ; r_SM_Main.s_TX_Start_Bit ; r_SM_Main.s_Idle ;
+--------------------------+---------------------+-------------------------+--------------------------+--------------------------+------------------+
; r_SM_Main.s_Idle         ; 0                   ; 0                       ; 0                        ; 0                        ; 0                ;
; r_SM_Main.s_TX_Start_Bit ; 0                   ; 0                       ; 0                        ; 1                        ; 1                ;
; r_SM_Main.s_TX_Data_Bits ; 0                   ; 0                       ; 1                        ; 0                        ; 1                ;
; r_SM_Main.s_TX_Stop_Bit  ; 0                   ; 1                       ; 0                        ; 0                        ; 1                ;
; r_SM_Main.s_Cleanup      ; 1                   ; 0                       ; 0                        ; 0                        ; 1                ;
+--------------------------+---------------------+-------------------------+--------------------------+--------------------------+------------------+


Encoding Type:  One-Hot
+---------------------------------------------------------------------------------------------------------------------------------------------------+
; State Machine - |uart|UART_RX:uart_rx_inst|r_SM_Main                                                                                              ;
+--------------------------+---------------------+-------------------------+--------------------------+--------------------------+------------------+
; Name                     ; r_SM_Main.s_Cleanup ; r_SM_Main.s_RX_Stop_Bit ; r_SM_Main.s_RX_Data_Bits ; r_SM_Main.s_RX_Start_Bit ; r_SM_Main.s_Idle ;
+--------------------------+---------------------+-------------------------+--------------------------+--------------------------+------------------+
; r_SM_Main.s_Idle         ; 0                   ; 0                       ; 0                        ; 0                        ; 0                ;
; r_SM_Main.s_RX_Start_Bit ; 0                   ; 0                       ; 0                        ; 1                        ; 1                ;
; r_SM_Main.s_RX_Data_Bits ; 0                   ; 0                       ; 1                        ; 0                        ; 1                ;
; r_SM_Main.s_RX_Stop_Bit  ; 0                   ; 1                       ; 0                        ; 0                        ; 1                ;
; r_SM_Main.s_Cleanup      ; 1                   ; 0                       ; 0                        ; 0                        ; 1                ;
+--------------------------+---------------------+-------------------------+--------------------------+--------------------------+------------------+


+------------------------------------------------------+
; General Register Statistics                          ;
+----------------------------------------------+-------+
; Statistic                                    ; Value ;
+----------------------------------------------+-------+
; Total registers                              ; 92    ;
; Number of registers using Synchronous Clear  ; 26    ;
; Number of registers using Synchronous Load   ; 0     ;
; Number of registers using Asynchronous Clear ; 0     ;
; Number of registers using Asynchronous Load  ; 0     ;
; Number of registers using Clock Enable       ; 58    ;
; Number of registers using Preset             ; 0     ;
+----------------------------------------------+-------+


+----------------------------------------------------------------------------------------------------------------------------------------------------------+
; Multiplexer Restructuring Statistics (Restructuring Performed)                                                                                           ;
+--------------------+-----------+---------------+----------------------+------------------------+------------+--------------------------------------------+
; Multiplexer Inputs ; Bus Width ; Baseline Area ; Area if Restructured ; Saving if Restructured ; Registered ; Example Multiplexer Output                 ;
+--------------------+-----------+---------------+----------------------+------------------------+------------+--------------------------------------------+
; 4:1                ; 13 bits   ; 26 LEs        ; 13 LEs               ; 13 LEs                 ; Yes        ; |uart|UART_TX:uart_tx_inst|r_Clk_Count[12] ;
; 7:1                ; 13 bits   ; 52 LEs        ; 13 LEs               ; 39 LEs                 ; Yes        ; |uart|UART_RX:uart_rx_inst|r_Clk_Count[12] ;
; 3:1                ; 3 bits    ; 6 LEs         ; 6 LEs                ; 0 LEs                  ; No         ; |uart|UART_TX:uart_tx_inst|r_Bit_Index     ;
; 3:1                ; 3 bits    ; 6 LEs         ; 6 LEs                ; 0 LEs                  ; No         ; |uart|UART_RX:uart_rx_inst|r_Bit_Index     ;
; 5:1                ; 2 bits    ; 6 LEs         ; 4 LEs                ; 2 LEs                  ; No         ; |uart|Selector3                            ;
; 7:1                ; 2 bits    ; 8 LEs         ; 6 LEs                ; 2 LEs                  ; No         ; |uart|Selector2                            ;
; 7:1                ; 3 bits    ; 12 LEs        ; 9 LEs                ; 3 LEs                  ; No         ; |uart|UART_TX:uart_tx_inst|Selector22      ;
; 9:1                ; 2 bits    ; 12 LEs        ; 8 LEs                ; 4 LEs                  ; No         ; |uart|UART_TX:uart_tx_inst|Selector23      ;
+--------------------+-----------+---------------+----------------------+------------------------+------------+--------------------------------------------+


+----------------------------------------------------------------------+
; Parameter Settings for User Entity Instance: Top-level Entity: |uart ;
+----------------+-------+---------------------------------------------+
; Parameter Name ; Value ; Type                                        ;
+----------------+-------+---------------------------------------------+
; g_CLKS_PER_BIT ; 5208  ; Signed Integer                              ;
+----------------+-------+---------------------------------------------+
Note: In order to hide this table in the UI and the text report file, please set the "Show Parameter Settings in Synthesis Report" option in "Analysis and Synthesis Settings -> More Settings" to "Off".


+-------------------------------------------------------------------+
; Parameter Settings for User Entity Instance: UART_RX:uart_rx_inst ;
+----------------+-------+------------------------------------------+
; Parameter Name ; Value ; Type                                     ;
+----------------+-------+------------------------------------------+
; g_clks_per_bit ; 5208  ; Signed Integer                           ;
+----------------+-------+------------------------------------------+
Note: In order to hide this table in the UI and the text report file, please set the "Show Parameter Settings in Synthesis Report" option in "Analysis and Synthesis Settings -> More Settings" to "Off".


+-------------------------------------------------------------------+
; Parameter Settings for User Entity Instance: UART_TX:uart_tx_inst ;
+----------------+-------+------------------------------------------+
; Parameter Name ; Value ; Type                                     ;
+----------------+-------+------------------------------------------+
; g_clks_per_bit ; 5208  ; Signed Integer                           ;
+----------------+-------+------------------------------------------+
Note: In order to hide this table in the UI and the text report file, please set the "Show Parameter Settings in Synthesis Report" option in "Analysis and Synthesis Settings -> More Settings" to "Off".


+-----------------------------------------------------------------------------------------------------------------------+
; Port Connectivity Checks: "UART_TX:uart_tx_inst"                                                                      ;
+-------------+--------+----------+-------------------------------------------------------------------------------------+
; Port        ; Type   ; Severity ; Details                                                                             ;
+-------------+--------+----------+-------------------------------------------------------------------------------------+
; o_tx_active ; Output ; Info     ; Connected to dangling logic. Logic that only feeds a dangling port will be removed. ;
+-------------+--------+----------+-------------------------------------------------------------------------------------+


+-----------------------------------------------------+
; Post-Synthesis Netlist Statistics for Top Partition ;
+-----------------------+-----------------------------+
; Type                  ; Count                       ;
+-----------------------+-----------------------------+
; boundary_port         ; 3                           ;
; cycloneiii_ff         ; 92                          ;
;     ENA               ; 32                          ;
;     ENA SCLR          ; 26                          ;
;     plain             ; 34                          ;
; cycloneiii_lcell_comb ; 143                         ;
;     arith             ; 31                          ;
;         2 data inputs ; 24                          ;
;         3 data inputs ; 7                           ;
;     normal            ; 112                         ;
;         1 data inputs ; 2                           ;
;         2 data inputs ; 23                          ;
;         3 data inputs ; 22                          ;
;         4 data inputs ; 65                          ;
;                       ;                             ;
; Max LUT depth         ; 6.00                        ;
; Average LUT depth     ; 3.23                        ;
+-----------------------+-----------------------------+


+-------------------------------+
; Elapsed Time Per Partition    ;
+----------------+--------------+
; Partition Name ; Elapsed Time ;
+----------------+--------------+
; Top            ; 00:00:00     ;
+----------------+--------------+


+-------------------------------+
; Analysis & Synthesis Messages ;
+-------------------------------+
Info: *******************************************************************
Info: Running Quartus Prime Analysis & Synthesis
    Info: Version 20.1.1 Build 720 11/11/2020 SJ Lite Edition
    Info: Processing started: Sat Nov 08 10:38:55 2025
Info: Command: quartus_map --read_settings_files=on --write_settings_files=off endsem_last -c endsem_last
Warning (18236): Number of processors has not been specified which may cause overloading on shared machines.  Set the global assignment NUM_PARALLEL_PROCESSORS in your QSF to an appropriate value for best performance.
Info (20030): Parallel compilation is enabled and will use 8 of the 8 processors detected
Info (12021): Found 2 design units, including 1 entities, in source file uart_tb.vhd
    Info (12022): Found design unit 1: uart_tb-sim File: C:/Users/Maitreyee/Desktop/Digital_Lab/Endsem_lastpart/uart_tb.vhd Line: 8
    Info (12023): Found entity 1: uart_tb File: C:/Users/Maitreyee/Desktop/Digital_Lab/Endsem_lastpart/uart_tb.vhd Line: 5
Info (12021): Found 2 design units, including 1 entities, in source file uart_tx.vhd
    Info (12022): Found design unit 1: UART_TX-rtl File: C:/Users/Maitreyee/Desktop/Digital_Lab/Endsem_lastpart/uart_tx.vhd Line: 27
    Info (12023): Found entity 1: UART_TX File: C:/Users/Maitreyee/Desktop/Digital_Lab/Endsem_lastpart/uart_tx.vhd Line: 5
Info (12021): Found 2 design units, including 1 entities, in source file uart_rx.vhd
    Info (12022): Found design unit 1: UART_RX-rtl File: C:/Users/Maitreyee/Desktop/Digital_Lab/Endsem_lastpart/uart_rx.vhd Line: 33
    Info (12023): Found entity 1: UART_RX File: C:/Users/Maitreyee/Desktop/Digital_Lab/Endsem_lastpart/uart_rx.vhd Line: 20
Info (12021): Found 2 design units, including 1 entities, in source file shift_add_sub.vhd
    Info (12022): Found design unit 1: Shift_Add_Sub-behavioral File: C:/Users/Maitreyee/Desktop/Digital_Lab/Endsem_lastpart/Shift_Add_Sub.vhd Line: 19
    Info (12023): Found entity 1: Shift_Add_Sub File: C:/Users/Maitreyee/Desktop/Digital_Lab/Endsem_lastpart/Shift_Add_Sub.vhd Line: 5
Info (12021): Found 2 design units, including 1 entities, in source file uart.vhd
    Info (12022): Found design unit 1: uart-rtl File: C:/Users/Maitreyee/Desktop/Digital_Lab/Endsem_lastpart/uart.vhd Line: 16
    Info (12023): Found entity 1: uart File: C:/Users/Maitreyee/Desktop/Digital_Lab/Endsem_lastpart/uart.vhd Line: 5
Info (12127): Elaborating entity "uart" for the top level hierarchy
Warning (10036): Verilog HDL or VHDL warning at uart.vhd(24): object "tx_active" assigned a value but never read File: C:/Users/Maitreyee/Desktop/Digital_Lab/Endsem_lastpart/uart.vhd Line: 24
Info (12128): Elaborating entity "UART_RX" for hierarchy "UART_RX:uart_rx_inst" File: C:/Users/Maitreyee/Desktop/Digital_Lab/Endsem_lastpart/uart.vhd Line: 38
Info (12128): Elaborating entity "UART_TX" for hierarchy "UART_TX:uart_tx_inst" File: C:/Users/Maitreyee/Desktop/Digital_Lab/Endsem_lastpart/uart.vhd Line: 48
Info (12128): Elaborating entity "Shift_Add_Sub" for hierarchy "Shift_Add_Sub:shift_add_sub_inst" File: C:/Users/Maitreyee/Desktop/Digital_Lab/Endsem_lastpart/uart.vhd Line: 60
Warning (10036): Verilog HDL or VHDL warning at Shift_Add_Sub.vhd(25): object "shift_a" assigned a value but never read File: C:/Users/Maitreyee/Desktop/Digital_Lab/Endsem_lastpart/Shift_Add_Sub.vhd Line: 25
Info (286030): Timing-Driven Synthesis is running
Info (16010): Generating hard_block partition "hard_block:auto_generated_inst"
    Info (16011): Adding 0 node(s), including 0 DDIO, 0 PLL, 0 transceiver and 0 LCELL
Info (21057): Implemented 173 device resources after synthesis - the final resource count might be different
    Info (21058): Implemented 2 input pins
    Info (21059): Implemented 1 output pins
    Info (21061): Implemented 170 logic cells
Info: Quartus Prime Analysis & Synthesis was successful. 0 errors, 3 warnings
    Info: Peak virtual memory: 4827 megabytes
    Info: Processing ended: Sat Nov 08 10:39:02 2025
    Info: Elapsed time: 00:00:07
    Info: Total CPU time (on all processors): 00:00:13


