Analysis & Synthesis report for RLEDecoder
Thu Nov 06 14:31:05 2025
Quartus Prime Version 20.1.1 Build 720 11/11/2020 SJ Lite Edition


---------------------
; Table of Contents ;
---------------------
  1. Legal Notice
  2. Analysis & Synthesis Summary
  3. Analysis & Synthesis Settings
  4. Parallel Compilation
  5. Analysis & Synthesis Source Files Read
  6. Analysis & Synthesis Resource Usage Summary
  7. Analysis & Synthesis Resource Utilization by Entity
  8. Analysis & Synthesis RAM Summary
  9. State Machine - |RLE_decoder|state
 10. Registers Removed During Synthesis
 11. General Register Statistics
 12. Registers Added for RAM Pass-Through Logic
 13. Multiplexer Restructuring Statistics (Restructuring Performed)
 14. Source assignments for altsyncram:mem_rtl_0|altsyncram_m4g1:auto_generated
 15. Parameter Settings for Inferred Entity Instance: altsyncram:mem_rtl_0
 16. altsyncram Parameter Settings by Entity Instance
 17. Post-Synthesis Netlist Statistics for Top Partition
 18. Elapsed Time Per Partition
 19. Analysis & Synthesis Messages



----------------
; Legal Notice ;
----------------
Copyright (C) 2020  Intel Corporation. All rights reserved.
Your use of Intel Corporation's design tools, logic functions 
and other software and tools, and any partner logic 
functions, and any output files from any of the foregoing 
(including device programming or simulation files), and any 
associated documentation or information are expressly subject 
to the terms and conditions of the Intel Program License 
Subscription Agreement, the Intel Quartus Prime License Agreement,
the Intel FPGA IP License Agreement, or other applicable license
agreement, including, without limitation, that your use is for
the sole purpose of programming logic devices manufactured by
Intel and sold by Intel or its authorized distributors.  Please
refer to the applicable agreement for further details, at
https://fpgasoftware.intel.com/eula.



+----------------------------------------------------------------------------------+
; Analysis & Synthesis Summary                                                     ;
+------------------------------------+---------------------------------------------+
; Analysis & Synthesis Status        ; Successful - Thu Nov 06 14:31:05 2025       ;
; Quartus Prime Version              ; 20.1.1 Build 720 11/11/2020 SJ Lite Edition ;
; Revision Name                      ; RLEDecoder                                  ;
; Top-level Entity Name              ; RLE_decoder                                 ;
; Family                             ; MAX 10                                      ;
; Total logic elements               ; 7,412                                       ;
;     Total combinational functions  ; 3,293                                       ;
;     Dedicated logic registers      ; 4,249                                       ;
; Total registers                    ; 4249                                        ;
; Total pins                         ; 36                                          ;
; Total virtual pins                 ; 0                                           ;
; Total memory bits                  ; 512                                         ;
; Embedded Multiplier 9-bit elements ; 0                                           ;
; Total PLLs                         ; 0                                           ;
; UFM blocks                         ; 0                                           ;
; ADC blocks                         ; 0                                           ;
+------------------------------------+---------------------------------------------+


+------------------------------------------------------------------------------------------------------------+
; Analysis & Synthesis Settings                                                                              ;
+------------------------------------------------------------------+--------------------+--------------------+
; Option                                                           ; Setting            ; Default Value      ;
+------------------------------------------------------------------+--------------------+--------------------+
; Device                                                           ; 10M08DAF484C8G     ;                    ;
; Top-level entity name                                            ; RLE_Decoder        ; RLEDecoder         ;
; Family name                                                      ; MAX 10             ; Cyclone V          ;
; Use smart compilation                                            ; Off                ; Off                ;
; Enable parallel Assembler and Timing Analyzer during compilation ; On                 ; On                 ;
; Enable compact report table                                      ; Off                ; Off                ;
; Restructure Multiplexers                                         ; Auto               ; Auto               ;
; Create Debugging Nodes for IP Cores                              ; Off                ; Off                ;
; Preserve fewer node names                                        ; On                 ; On                 ;
; Intel FPGA IP Evaluation Mode                                    ; Enable             ; Enable             ;
; Verilog Version                                                  ; Verilog_2001       ; Verilog_2001       ;
; VHDL Version                                                     ; VHDL_1993          ; VHDL_1993          ;
; State Machine Processing                                         ; Auto               ; Auto               ;
; Safe State Machine                                               ; Off                ; Off                ;
; Extract Verilog State Machines                                   ; On                 ; On                 ;
; Extract VHDL State Machines                                      ; On                 ; On                 ;
; Ignore Verilog initial constructs                                ; Off                ; Off                ;
; Iteration limit for constant Verilog loops                       ; 5000               ; 5000               ;
; Iteration limit for non-constant Verilog loops                   ; 250                ; 250                ;
; Add Pass-Through Logic to Inferred RAMs                          ; On                 ; On                 ;
; Infer RAMs from Raw Logic                                        ; On                 ; On                 ;
; Parallel Synthesis                                               ; On                 ; On                 ;
; DSP Block Balancing                                              ; Auto               ; Auto               ;
; NOT Gate Push-Back                                               ; On                 ; On                 ;
; Power-Up Don't Care                                              ; On                 ; On                 ;
; Remove Redundant Logic Cells                                     ; Off                ; Off                ;
; Remove Duplicate Registers                                       ; On                 ; On                 ;
; Ignore CARRY Buffers                                             ; Off                ; Off                ;
; Ignore CASCADE Buffers                                           ; Off                ; Off                ;
; Ignore GLOBAL Buffers                                            ; Off                ; Off                ;
; Ignore ROW GLOBAL Buffers                                        ; Off                ; Off                ;
; Ignore LCELL Buffers                                             ; Off                ; Off                ;
; Ignore SOFT Buffers                                              ; On                 ; On                 ;
; Limit AHDL Integers to 32 Bits                                   ; Off                ; Off                ;
; Optimization Technique                                           ; Balanced           ; Balanced           ;
; Carry Chain Length                                               ; 70                 ; 70                 ;
; Auto Carry Chains                                                ; On                 ; On                 ;
; Auto Open-Drain Pins                                             ; On                 ; On                 ;
; Perform WYSIWYG Primitive Resynthesis                            ; Off                ; Off                ;
; Auto ROM Replacement                                             ; On                 ; On                 ;
; Auto RAM Replacement                                             ; On                 ; On                 ;
; Auto DSP Block Replacement                                       ; On                 ; On                 ;
; Auto Shift Register Replacement                                  ; Auto               ; Auto               ;
; Allow Shift Register Merging across Hierarchies                  ; Auto               ; Auto               ;
; Auto Clock Enable Replacement                                    ; On                 ; On                 ;
; Strict RAM Replacement                                           ; Off                ; Off                ;
; Allow Synchronous Control Signals                                ; On                 ; On                 ;
; Force Use of Synchronous Clear Signals                           ; Off                ; Off                ;
; Auto RAM Block Balancing                                         ; On                 ; On                 ;
; Auto RAM to Logic Cell Conversion                                ; Off                ; Off                ;
; Auto Resource Sharing                                            ; Off                ; Off                ;
; Allow Any RAM Size For Recognition                               ; Off                ; Off                ;
; Allow Any ROM Size For Recognition                               ; Off                ; Off                ;
; Allow Any Shift Register Size For Recognition                    ; Off                ; Off                ;
; Use LogicLock Constraints during Resource Balancing              ; On                 ; On                 ;
; Ignore translate_off and synthesis_off directives                ; Off                ; Off                ;
; Timing-Driven Synthesis                                          ; On                 ; On                 ;
; Report Parameter Settings                                        ; On                 ; On                 ;
; Report Source Assignments                                        ; On                 ; On                 ;
; Report Connectivity Checks                                       ; On                 ; On                 ;
; Ignore Maximum Fan-Out Assignments                               ; Off                ; Off                ;
; Synchronization Register Chain Length                            ; 2                  ; 2                  ;
; Power Optimization During Synthesis                              ; Normal compilation ; Normal compilation ;
; HDL message level                                                ; Level2             ; Level2             ;
; Suppress Register Optimization Related Messages                  ; Off                ; Off                ;
; Number of Removed Registers Reported in Synthesis Report         ; 5000               ; 5000               ;
; Number of Swept Nodes Reported in Synthesis Report               ; 5000               ; 5000               ;
; Number of Inverted Registers Reported in Synthesis Report        ; 100                ; 100                ;
; Clock MUX Protection                                             ; On                 ; On                 ;
; Auto Gated Clock Conversion                                      ; Off                ; Off                ;
; Block Design Naming                                              ; Auto               ; Auto               ;
; SDC constraint protection                                        ; Off                ; Off                ;
; Synthesis Effort                                                 ; Auto               ; Auto               ;
; Shift Register Replacement - Allow Asynchronous Clear Signal     ; On                 ; On                 ;
; Pre-Mapping Resynthesis Optimization                             ; Off                ; Off                ;
; Analysis & Synthesis Message Level                               ; Medium             ; Medium             ;
; Disable Register Merging Across Hierarchies                      ; Auto               ; Auto               ;
; Resource Aware Inference For Block RAM                           ; On                 ; On                 ;
+------------------------------------------------------------------+--------------------+--------------------+


+------------------------------------------+
; Parallel Compilation                     ;
+----------------------------+-------------+
; Processors                 ; Number      ;
+----------------------------+-------------+
; Number detected on machine ; 8           ;
; Maximum allowed            ; 8           ;
;                            ;             ;
; Average used               ; 1.01        ;
; Maximum used               ; 8           ;
;                            ;             ;
; Usage by Processor         ; % Time Used ;
;     Processor 1            ; 100.0%      ;
;     Processor 2            ;   0.2%      ;
;     Processor 3            ;   0.2%      ;
;     Processor 4            ;   0.1%      ;
;     Processor 5            ;   0.1%      ;
;     Processor 6            ;   0.1%      ;
;     Processor 7            ;   0.1%      ;
;     Processor 8            ;   0.1%      ;
+----------------------------+-------------+


+----------------------------------------------------------------------------------------------------------------------------------------------------------------------------+
; Analysis & Synthesis Source Files Read                                                                                                                                     ;
+----------------------------------+-----------------+------------------------------+------------------------------------------------------------------------------+---------+
; File Name with User-Entered Path ; Used in Netlist ; File Type                    ; File Name with Absolute Path                                                 ; Library ;
+----------------------------------+-----------------+------------------------------+------------------------------------------------------------------------------+---------+
; RLE_Decoder.vhd                  ; yes             ; User VHDL File               ; C:/Users/Maitreyee/Desktop/Digital_Lab/Task2/RLE_Decoder.vhd                 ;         ;
; altsyncram.tdf                   ; yes             ; Megafunction                 ; c:/intelfpga_lite/20.1/quartus/libraries/megafunctions/altsyncram.tdf        ;         ;
; stratix_ram_block.inc            ; yes             ; Megafunction                 ; c:/intelfpga_lite/20.1/quartus/libraries/megafunctions/stratix_ram_block.inc ;         ;
; lpm_mux.inc                      ; yes             ; Megafunction                 ; c:/intelfpga_lite/20.1/quartus/libraries/megafunctions/lpm_mux.inc           ;         ;
; lpm_decode.inc                   ; yes             ; Megafunction                 ; c:/intelfpga_lite/20.1/quartus/libraries/megafunctions/lpm_decode.inc        ;         ;
; aglobal201.inc                   ; yes             ; Megafunction                 ; c:/intelfpga_lite/20.1/quartus/libraries/megafunctions/aglobal201.inc        ;         ;
; a_rdenreg.inc                    ; yes             ; Megafunction                 ; c:/intelfpga_lite/20.1/quartus/libraries/megafunctions/a_rdenreg.inc         ;         ;
; altrom.inc                       ; yes             ; Megafunction                 ; c:/intelfpga_lite/20.1/quartus/libraries/megafunctions/altrom.inc            ;         ;
; altram.inc                       ; yes             ; Megafunction                 ; c:/intelfpga_lite/20.1/quartus/libraries/megafunctions/altram.inc            ;         ;
; altdpram.inc                     ; yes             ; Megafunction                 ; c:/intelfpga_lite/20.1/quartus/libraries/megafunctions/altdpram.inc          ;         ;
; db/altsyncram_m4g1.tdf           ; yes             ; Auto-Generated Megafunction  ; C:/Users/Maitreyee/Desktop/Digital_Lab/Task2/db/altsyncram_m4g1.tdf          ;         ;
+----------------------------------+-----------------+------------------------------+------------------------------------------------------------------------------+---------+


+---------------------------------------------------------+
; Analysis & Synthesis Resource Usage Summary             ;
+---------------------------------------------+-----------+
; Resource                                    ; Usage     ;
+---------------------------------------------+-----------+
; Estimated Total logic elements              ; 7,412     ;
;                                             ;           ;
; Total combinational functions               ; 3293      ;
; Logic element usage by number of LUT inputs ;           ;
;     -- 4 input functions                    ; 2832      ;
;     -- 3 input functions                    ; 315       ;
;     -- <=2 input functions                  ; 146       ;
;                                             ;           ;
; Logic elements by mode                      ;           ;
;     -- normal mode                          ; 3181      ;
;     -- arithmetic mode                      ; 112       ;
;                                             ;           ;
; Total registers                             ; 4249      ;
;     -- Dedicated logic registers            ; 4249      ;
;     -- I/O registers                        ; 0         ;
;                                             ;           ;
; I/O pins                                    ; 36        ;
; Total memory bits                           ; 512       ;
;                                             ;           ;
; Embedded Multiplier 9-bit elements          ; 0         ;
;                                             ;           ;
; Maximum fan-out node                        ; clk~input ;
; Maximum fan-out                             ; 4257      ;
; Total fan-out                               ; 25625     ;
; Average fan-out                             ; 3.36      ;
+---------------------------------------------+-----------+


+-------------------------------------------------------------------------------------------------------------------------------------------------------------------------------------------------------------------------------------------------------------------------------------------------+
; Analysis & Synthesis Resource Utilization by Entity                                                                                                                                                                                                                                             ;
+----------------------------------------+---------------------+---------------------------+-------------+------------+--------------+---------+-----------+------+--------------+------------+------------------------------------------------------------------+-----------------+--------------+
; Compilation Hierarchy Node             ; Combinational ALUTs ; Dedicated Logic Registers ; Memory Bits ; UFM Blocks ; DSP Elements ; DSP 9x9 ; DSP 18x18 ; Pins ; Virtual Pins ; ADC blocks ; Full Hierarchy Name                                              ; Entity Name     ; Library Name ;
+----------------------------------------+---------------------+---------------------------+-------------+------------+--------------+---------+-----------+------+--------------+------------+------------------------------------------------------------------+-----------------+--------------+
; |RLE_decoder                           ; 3293 (3293)         ; 4249 (4249)               ; 512         ; 0          ; 0            ; 0       ; 0         ; 36   ; 0            ; 0          ; |RLE_decoder                                                     ; RLE_decoder     ; work         ;
;    |altsyncram:mem_rtl_0|              ; 0 (0)               ; 0 (0)                     ; 512         ; 0          ; 0            ; 0       ; 0         ; 0    ; 0            ; 0          ; |RLE_decoder|altsyncram:mem_rtl_0                                ; altsyncram      ; work         ;
;       |altsyncram_m4g1:auto_generated| ; 0 (0)               ; 0 (0)                     ; 512         ; 0          ; 0            ; 0       ; 0         ; 0    ; 0            ; 0          ; |RLE_decoder|altsyncram:mem_rtl_0|altsyncram_m4g1:auto_generated ; altsyncram_m4g1 ; work         ;
+----------------------------------------+---------------------+---------------------------+-------------+------------+--------------+---------+-----------+------+--------------+------------+------------------------------------------------------------------+-----------------+--------------+
Note: For table entries with two numbers listed, the numbers in parentheses indicate the number of resources of the given type used by the specific entity alone. The numbers listed outside of parentheses indicate the total resources of the given type used by the specific entity and all of its sub-entities in the hierarchy.


+--------------------------------------------------------------------------------------------------------------------------------------------------------------------+
; Analysis & Synthesis RAM Summary                                                                                                                                   ;
+----------------------------------------------------------------+------+------------------+--------------+--------------+--------------+--------------+------+------+
; Name                                                           ; Type ; Mode             ; Port A Depth ; Port A Width ; Port B Depth ; Port B Width ; Size ; MIF  ;
+----------------------------------------------------------------+------+------------------+--------------+--------------+--------------+--------------+------+------+
; altsyncram:mem_rtl_0|altsyncram_m4g1:auto_generated|ALTSYNCRAM ; AUTO ; Simple Dual Port ; 64           ; 8            ; 64           ; 8            ; 512  ; None ;
+----------------------------------------------------------------+------+------------------+--------------+--------------+--------------+--------------+------+------+


Encoding Type:  One-Hot
+-----------------------------------------------------------+
; State Machine - |RLE_decoder|state                        ;
+---------+---------+---------+---------+---------+---------+
; Name    ; state.E ; state.D ; state.C ; state.B ; state.A ;
+---------+---------+---------+---------+---------+---------+
; state.A ; 0       ; 0       ; 0       ; 0       ; 0       ;
; state.B ; 0       ; 0       ; 0       ; 1       ; 1       ;
; state.C ; 0       ; 0       ; 1       ; 0       ; 1       ;
; state.D ; 0       ; 1       ; 0       ; 0       ; 1       ;
; state.E ; 1       ; 0       ; 0       ; 0       ; 1       ;
+---------+---------+---------+---------+---------+---------+


+---------------------------------------------------------------------------------+
; Registers Removed During Synthesis                                              ;
+----------------------------------------+----------------------------------------+
; Register name                          ; Reason for Removal                     ;
+----------------------------------------+----------------------------------------+
; state.E                                ; Stuck at GND due to stuck port data_in ;
; mem_idx[6..31]                         ; Lost fanout                            ;
; Total Number of Removed Registers = 27 ;                                        ;
+----------------------------------------+----------------------------------------+


+------------------------------------------------------+
; General Register Statistics                          ;
+----------------------------------------------+-------+
; Statistic                                    ; Value ;
+----------------------------------------------+-------+
; Total registers                              ; 4249  ;
; Number of registers using Synchronous Clear  ; 38    ;
; Number of registers using Synchronous Load   ; 8     ;
; Number of registers using Asynchronous Clear ; 130   ;
; Number of registers using Asynchronous Load  ; 0     ;
; Number of registers using Clock Enable       ; 4218  ;
; Number of registers using Preset             ; 0     ;
+----------------------------------------------+-------+


+--------------------------------------------+
; Registers Added for RAM Pass-Through Logic ;
+----------------------+---------------------+
; Register Name        ; RAM Name            ;
+----------------------+---------------------+
; mem_rtl_0_bypass[0]  ; mem_rtl_0           ;
; mem_rtl_0_bypass[1]  ; mem_rtl_0           ;
; mem_rtl_0_bypass[2]  ; mem_rtl_0           ;
; mem_rtl_0_bypass[3]  ; mem_rtl_0           ;
; mem_rtl_0_bypass[4]  ; mem_rtl_0           ;
; mem_rtl_0_bypass[5]  ; mem_rtl_0           ;
; mem_rtl_0_bypass[6]  ; mem_rtl_0           ;
; mem_rtl_0_bypass[7]  ; mem_rtl_0           ;
; mem_rtl_0_bypass[8]  ; mem_rtl_0           ;
; mem_rtl_0_bypass[9]  ; mem_rtl_0           ;
; mem_rtl_0_bypass[10] ; mem_rtl_0           ;
; mem_rtl_0_bypass[11] ; mem_rtl_0           ;
; mem_rtl_0_bypass[12] ; mem_rtl_0           ;
; mem_rtl_0_bypass[13] ; mem_rtl_0           ;
; mem_rtl_0_bypass[14] ; mem_rtl_0           ;
; mem_rtl_0_bypass[15] ; mem_rtl_0           ;
; mem_rtl_0_bypass[16] ; mem_rtl_0           ;
; mem_rtl_0_bypass[17] ; mem_rtl_0           ;
; mem_rtl_0_bypass[18] ; mem_rtl_0           ;
; mem_rtl_0_bypass[19] ; mem_rtl_0           ;
; mem_rtl_0_bypass[20] ; mem_rtl_0           ;
+----------------------+---------------------+


+---------------------------------------------------------------------------------------------------------------------------------------------+
; Multiplexer Restructuring Statistics (Restructuring Performed)                                                                              ;
+--------------------+-----------+---------------+----------------------+------------------------+------------+-------------------------------+
; Multiplexer Inputs ; Bus Width ; Baseline Area ; Area if Restructured ; Saving if Restructured ; Registered ; Example Multiplexer Output    ;
+--------------------+-----------+---------------+----------------------+------------------------+------------+-------------------------------+
; 3:1                ; 8 bits    ; 16 LEs        ; 16 LEs               ; 0 LEs                  ; Yes        ; |RLE_decoder|data_out[6]~reg0 ;
; 6:1                ; 31 bits   ; 124 LEs       ; 31 LEs               ; 93 LEs                 ; Yes        ; |RLE_decoder|rle_idx[28]      ;
; 6:1                ; 32 bits   ; 128 LEs       ; 32 LEs               ; 96 LEs                 ; Yes        ; |RLE_decoder|mem_idx[5]       ;
; 6:1                ; 26 bits   ; 104 LEs       ; 26 LEs               ; 78 LEs                 ; Yes        ; |RLE_decoder|out_idx[28]      ;
; 7:1                ; 32 bits   ; 128 LEs       ; 32 LEs               ; 96 LEs                 ; Yes        ; |RLE_decoder|temp[4]          ;
; 6:1                ; 6 bits    ; 24 LEs        ; 12 LEs               ; 12 LEs                 ; No         ; |RLE_decoder|Selector96       ;
; 7:1                ; 3 bits    ; 12 LEs        ; 9 LEs                ; 3 LEs                  ; No         ; |RLE_decoder|Selector174      ;
; 9:1                ; 2 bits    ; 12 LEs        ; 8 LEs                ; 4 LEs                  ; No         ; |RLE_decoder|Selector172      ;
+--------------------+-----------+---------------+----------------------+------------------------+------------+-------------------------------+


+----------------------------------------------------------------------------+
; Source assignments for altsyncram:mem_rtl_0|altsyncram_m4g1:auto_generated ;
+---------------------------------+--------------------+------+--------------+
; Assignment                      ; Value              ; From ; To           ;
+---------------------------------+--------------------+------+--------------+
; OPTIMIZE_POWER_DURING_SYNTHESIS ; NORMAL_COMPILATION ; -    ; -            ;
+---------------------------------+--------------------+------+--------------+


+----------------------------------------------------------------------------+
; Parameter Settings for Inferred Entity Instance: altsyncram:mem_rtl_0      ;
+------------------------------------+----------------------+----------------+
; Parameter Name                     ; Value                ; Type           ;
+------------------------------------+----------------------+----------------+
; BYTE_SIZE_BLOCK                    ; 8                    ; Untyped        ;
; AUTO_CARRY_CHAINS                  ; ON                   ; AUTO_CARRY     ;
; IGNORE_CARRY_BUFFERS               ; OFF                  ; IGNORE_CARRY   ;
; AUTO_CASCADE_CHAINS                ; ON                   ; AUTO_CASCADE   ;
; IGNORE_CASCADE_BUFFERS             ; OFF                  ; IGNORE_CASCADE ;
; WIDTH_BYTEENA                      ; 1                    ; Untyped        ;
; OPERATION_MODE                     ; DUAL_PORT            ; Untyped        ;
; WIDTH_A                            ; 8                    ; Untyped        ;
; WIDTHAD_A                          ; 6                    ; Untyped        ;
; NUMWORDS_A                         ; 64                   ; Untyped        ;
; OUTDATA_REG_A                      ; UNREGISTERED         ; Untyped        ;
; ADDRESS_ACLR_A                     ; NONE                 ; Untyped        ;
; OUTDATA_ACLR_A                     ; NONE                 ; Untyped        ;
; WRCONTROL_ACLR_A                   ; NONE                 ; Untyped        ;
; INDATA_ACLR_A                      ; NONE                 ; Untyped        ;
; BYTEENA_ACLR_A                     ; NONE                 ; Untyped        ;
; WIDTH_B                            ; 8                    ; Untyped        ;
; WIDTHAD_B                          ; 6                    ; Untyped        ;
; NUMWORDS_B                         ; 64                   ; Untyped        ;
; INDATA_REG_B                       ; CLOCK1               ; Untyped        ;
; WRCONTROL_WRADDRESS_REG_B          ; CLOCK1               ; Untyped        ;
; RDCONTROL_REG_B                    ; CLOCK1               ; Untyped        ;
; ADDRESS_REG_B                      ; CLOCK0               ; Untyped        ;
; OUTDATA_REG_B                      ; UNREGISTERED         ; Untyped        ;
; BYTEENA_REG_B                      ; CLOCK1               ; Untyped        ;
; INDATA_ACLR_B                      ; NONE                 ; Untyped        ;
; WRCONTROL_ACLR_B                   ; NONE                 ; Untyped        ;
; ADDRESS_ACLR_B                     ; NONE                 ; Untyped        ;
; OUTDATA_ACLR_B                     ; NONE                 ; Untyped        ;
; RDCONTROL_ACLR_B                   ; NONE                 ; Untyped        ;
; BYTEENA_ACLR_B                     ; NONE                 ; Untyped        ;
; WIDTH_BYTEENA_A                    ; 1                    ; Untyped        ;
; WIDTH_BYTEENA_B                    ; 1                    ; Untyped        ;
; RAM_BLOCK_TYPE                     ; AUTO                 ; Untyped        ;
; BYTE_SIZE                          ; 8                    ; Untyped        ;
; READ_DURING_WRITE_MODE_MIXED_PORTS ; OLD_DATA             ; Untyped        ;
; READ_DURING_WRITE_MODE_PORT_A      ; NEW_DATA_NO_NBE_READ ; Untyped        ;
; READ_DURING_WRITE_MODE_PORT_B      ; NEW_DATA_NO_NBE_READ ; Untyped        ;
; INIT_FILE                          ; UNUSED               ; Untyped        ;
; INIT_FILE_LAYOUT                   ; PORT_A               ; Untyped        ;
; MAXIMUM_DEPTH                      ; 0                    ; Untyped        ;
; CLOCK_ENABLE_INPUT_A               ; NORMAL               ; Untyped        ;
; CLOCK_ENABLE_INPUT_B               ; NORMAL               ; Untyped        ;
; CLOCK_ENABLE_OUTPUT_A              ; NORMAL               ; Untyped        ;
; CLOCK_ENABLE_OUTPUT_B              ; NORMAL               ; Untyped        ;
; CLOCK_ENABLE_CORE_A                ; USE_INPUT_CLKEN      ; Untyped        ;
; CLOCK_ENABLE_CORE_B                ; USE_INPUT_CLKEN      ; Untyped        ;
; ENABLE_ECC                         ; FALSE                ; Untyped        ;
; ECC_PIPELINE_STAGE_ENABLED         ; FALSE                ; Untyped        ;
; WIDTH_ECCSTATUS                    ; 3                    ; Untyped        ;
; DEVICE_FAMILY                      ; MAX 10               ; Untyped        ;
; CBXI_PARAMETER                     ; altsyncram_m4g1      ; Untyped        ;
+------------------------------------+----------------------+----------------+
Note: In order to hide this table in the UI and the text report file, please set the "Show Parameter Settings in Synthesis Report" option in "Analysis and Synthesis Settings -> More Settings" to "Off".


+------------------------------------------------------------------+
; altsyncram Parameter Settings by Entity Instance                 ;
+-------------------------------------------+----------------------+
; Name                                      ; Value                ;
+-------------------------------------------+----------------------+
; Number of entity instances                ; 1                    ;
; Entity Instance                           ; altsyncram:mem_rtl_0 ;
;     -- OPERATION_MODE                     ; DUAL_PORT            ;
;     -- WIDTH_A                            ; 8                    ;
;     -- NUMWORDS_A                         ; 64                   ;
;     -- OUTDATA_REG_A                      ; UNREGISTERED         ;
;     -- WIDTH_B                            ; 8                    ;
;     -- NUMWORDS_B                         ; 64                   ;
;     -- ADDRESS_REG_B                      ; CLOCK0               ;
;     -- OUTDATA_REG_B                      ; UNREGISTERED         ;
;     -- RAM_BLOCK_TYPE                     ; AUTO                 ;
;     -- READ_DURING_WRITE_MODE_MIXED_PORTS ; OLD_DATA             ;
+-------------------------------------------+----------------------+


+-----------------------------------------------------+
; Post-Synthesis Netlist Statistics for Top Partition ;
+-----------------------+-----------------------------+
; Type                  ; Count                       ;
+-----------------------+-----------------------------+
; boundary_port         ; 36                          ;
; cycloneiii_ff         ; 4249                        ;
;     CLR               ; 16                          ;
;     ENA               ; 4104                        ;
;     ENA CLR           ; 68                          ;
;     ENA CLR SCLR      ; 38                          ;
;     ENA CLR SLD       ; 8                           ;
;     plain             ; 15                          ;
; cycloneiii_lcell_comb ; 3293                        ;
;     arith             ; 112                         ;
;         2 data inputs ; 98                          ;
;         3 data inputs ; 14                          ;
;     normal            ; 3181                        ;
;         1 data inputs ; 4                           ;
;         2 data inputs ; 44                          ;
;         3 data inputs ; 301                         ;
;         4 data inputs ; 2832                        ;
; cycloneiii_ram_block  ; 8                           ;
;                       ;                             ;
; Max LUT depth         ; 12.70                       ;
; Average LUT depth     ; 8.01                        ;
+-----------------------+-----------------------------+


+-------------------------------+
; Elapsed Time Per Partition    ;
+----------------+--------------+
; Partition Name ; Elapsed Time ;
+----------------+--------------+
; Top            ; 00:00:07     ;
+----------------+--------------+


+-------------------------------+
; Analysis & Synthesis Messages ;
+-------------------------------+
Info: *******************************************************************
Info: Running Quartus Prime Analysis & Synthesis
    Info: Version 20.1.1 Build 720 11/11/2020 SJ Lite Edition
    Info: Processing started: Thu Nov 06 14:30:47 2025
Info: Command: quartus_map --read_settings_files=on --write_settings_files=off RLEDecoder -c RLEDecoder
Warning (18236): Number of processors has not been specified which may cause overloading on shared machines.  Set the global assignment NUM_PARALLEL_PROCESSORS in your QSF to an appropriate value for best performance.
Info (20030): Parallel compilation is enabled and will use 8 of the 8 processors detected
Info (12021): Found 2 design units, including 1 entities, in source file testbench.vhdl
    Info (12022): Found design unit 1: Testbench-sim File: C:/Users/Maitreyee/Desktop/Digital_Lab/Task2/Testbench.vhdl Line: 8
    Info (12023): Found entity 1: Testbench File: C:/Users/Maitreyee/Desktop/Digital_Lab/Task2/Testbench.vhdl Line: 5
Info (12021): Found 2 design units, including 1 entities, in source file rle_decoder.vhd
    Info (12022): Found design unit 1: RLE_decoder-rtl File: C:/Users/Maitreyee/Desktop/Digital_Lab/Task2/RLE_Decoder.vhd Line: 17
    Info (12023): Found entity 1: RLE_decoder File: C:/Users/Maitreyee/Desktop/Digital_Lab/Task2/RLE_Decoder.vhd Line: 5
Info (12127): Elaborating entity "RLE_Decoder" for the top level hierarchy
Warning (276020): Inferred RAM node "mem_rtl_0" from synchronous design logic.  Pass-through logic has been added to match the read-during-write behavior of the original design.
Info (276014): Found 1 instances of uninferred RAM logic
    Info (276007): RAM logic "rle_buffer" is uninferred due to asynchronous read logic File: C:/Users/Maitreyee/Desktop/Digital_Lab/Task2/RLE_Decoder.vhd Line: 27
Info (19000): Inferred 1 megafunctions from design logic
    Info (276029): Inferred altsyncram megafunction from the following design logic: "mem_rtl_0" 
        Info (286033): Parameter OPERATION_MODE set to DUAL_PORT
        Info (286033): Parameter WIDTH_A set to 8
        Info (286033): Parameter WIDTHAD_A set to 6
        Info (286033): Parameter NUMWORDS_A set to 64
        Info (286033): Parameter WIDTH_B set to 8
        Info (286033): Parameter WIDTHAD_B set to 6
        Info (286033): Parameter NUMWORDS_B set to 64
        Info (286033): Parameter ADDRESS_ACLR_A set to NONE
        Info (286033): Parameter OUTDATA_REG_B set to UNREGISTERED
        Info (286033): Parameter ADDRESS_ACLR_B set to NONE
        Info (286033): Parameter OUTDATA_ACLR_B set to NONE
        Info (286033): Parameter ADDRESS_REG_B set to CLOCK0
        Info (286033): Parameter INDATA_ACLR_A set to NONE
        Info (286033): Parameter WRCONTROL_ACLR_A set to NONE
        Info (286033): Parameter READ_DURING_WRITE_MODE_MIXED_PORTS set to OLD_DATA
Info (12130): Elaborated megafunction instantiation "altsyncram:mem_rtl_0"
Info (12133): Instantiated megafunction "altsyncram:mem_rtl_0" with the following parameter:
    Info (12134): Parameter "OPERATION_MODE" = "DUAL_PORT"
    Info (12134): Parameter "WIDTH_A" = "8"
    Info (12134): Parameter "WIDTHAD_A" = "6"
    Info (12134): Parameter "NUMWORDS_A" = "64"
    Info (12134): Parameter "WIDTH_B" = "8"
    Info (12134): Parameter "WIDTHAD_B" = "6"
    Info (12134): Parameter "NUMWORDS_B" = "64"
    Info (12134): Parameter "ADDRESS_ACLR_A" = "NONE"
    Info (12134): Parameter "OUTDATA_REG_B" = "UNREGISTERED"
    Info (12134): Parameter "ADDRESS_ACLR_B" = "NONE"
    Info (12134): Parameter "OUTDATA_ACLR_B" = "NONE"
    Info (12134): Parameter "ADDRESS_REG_B" = "CLOCK0"
    Info (12134): Parameter "INDATA_ACLR_A" = "NONE"
    Info (12134): Parameter "WRCONTROL_ACLR_A" = "NONE"
    Info (12134): Parameter "READ_DURING_WRITE_MODE_MIXED_PORTS" = "OLD_DATA"
Info (12021): Found 1 design units, including 1 entities, in source file db/altsyncram_m4g1.tdf
    Info (12023): Found entity 1: altsyncram_m4g1 File: C:/Users/Maitreyee/Desktop/Digital_Lab/Task2/db/altsyncram_m4g1.tdf Line: 28
Info (286030): Timing-Driven Synthesis is running
Info (17049): 26 registers lost all their fanouts during netlist optimizations.
Info (16010): Generating hard_block partition "hard_block:auto_generated_inst"
    Info (16011): Adding 0 node(s), including 0 DDIO, 0 PLL, 0 transceiver and 0 LCELL
Info (21057): Implemented 7481 device resources after synthesis - the final resource count might be different
    Info (21058): Implemented 27 input pins
    Info (21059): Implemented 9 output pins
    Info (21061): Implemented 7437 logic cells
    Info (21064): Implemented 8 RAM segments
Info: Quartus Prime Analysis & Synthesis was successful. 0 errors, 2 warnings
    Info: Peak virtual memory: 4856 megabytes
    Info: Processing ended: Thu Nov 06 14:31:05 2025
    Info: Elapsed time: 00:00:18
    Info: Total CPU time (on all processors): 00:00:28


